<?xml version="1.0" encoding="UTF-8"?>
<!-- Generated by org.testng.reporters.JUnitReportReporter -->
<testsuite skipped="0" hostname="DESKTOP-ASB5QBL" name="pom.LoginTC_POM" tests="1" failures="0" timestamp="26 May 2022 02:10:01 GMT" time="34.693" errors="0">
  <testcase name="login" time="34.693" classname="pom.LoginTC_POM"/>
</testsuite> <!-- pom.LoginTC_POM -->
