<?xml version="1.0" encoding="UTF-8"?>
<!-- Generated by org.testng.reporters.JUnitReportReporter -->
<testsuite skipped="1" hostname="DESKTOP-ASB5QBL" name="testNG.AnnotationsEg" tests="4" failures="0" timestamp="24 May 2022 02:05:28 GMT" time="0.090" errors="0">
  <testcase name="Function1" time="0.044" classname="testNG.AnnotationsEg"/>
  <testcase name="Function2" time="0.015" classname="testNG.AnnotationsEg"/>
  <testcase name="Function3" time="0.018" classname="testNG.AnnotationsEg">
    <skipped/>
  </testcase> <!-- Function3 -->
  <testcase name="Apple" time="0.013" classname="testNG.AnnotationsEg"/>
</testsuite> <!-- testNG.AnnotationsEg -->
