<?xml version="1.0" encoding="UTF-8"?>
<!-- Generated by org.testng.reporters.JUnitReportReporter -->
<testsuite skipped="0" hostname="DESKTOP-ASB5QBL" name="testNG.EmpRegTest_TestNG" tests="4" failures="0" timestamp="25 May 2022 02:23:35 GMT" time="26.174" errors="0">
  <testcase name="orgEmpReg" time="6.120" classname="testNG.EmpRegTest_TestNG"/>
  <testcase name="orgEmpReg" time="7.247" classname="testNG.EmpRegTest_TestNG"/>
  <testcase name="orgEmpReg" time="6.608" classname="testNG.EmpRegTest_TestNG"/>
  <testcase name="orgEmpReg" time="6.199" classname="testNG.EmpRegTest_TestNG"/>
</testsuite> <!-- testNG.EmpRegTest_TestNG -->
