<?xml version="1.0" encoding="UTF-8"?>
<!-- Generated by org.testng.reporters.JUnitReportReporter -->
<testsuite skipped="0" hostname="DESKTOP-ASB5QBL" name="testNG.PrimusbankLoginTest" tests="1" failures="0" timestamp="24 May 2022 02:21:52 GMT" time="15.619" errors="0">
  <testcase name="login" time="15.619" classname="testNG.PrimusbankLoginTest"/>
</testsuite> <!-- testNG.PrimusbankLoginTest -->
