<?xml version="1.0" encoding="UTF-8"?>
<!-- Generated by org.testng.reporters.JUnitReportReporter -->
<testsuite skipped="0" hostname="DESKTOP-ASB5QBL" name="testNG.UserRegTest_TestNG" tests="1" failures="0" timestamp="25 May 2022 02:11:56 GMT" time="16.178" errors="0">
  <testcase name="orgUserReg" time="16.178" classname="testNG.UserRegTest_TestNG"/>
</testsuite> <!-- testNG.UserRegTest_TestNG -->
